2015.52.11 10:52:08 prav@gmail.com
2015.12.11 11:12:43 admin@gmail.com
2015.17.11 11:17:18 admin@gmail.com
2015.24.11 11:24:36 prav@gmail.com
2015.36.11 11:36:35 admin@gmail.com
2015.37.11 11:37:50 admin@gmail.com
2015.44.11 11:44:15 admin@gmail.com
2015.45.11 11:45:45 admin@gmail.com
2015.56.11 11:56:19 admin@gmail.com
2015.22.12 05:22:03 prav@gmail.com
2015.39.12 05:39:11 pranavidandu@gmail.com
2015.39.12 05:39:39 prav@gmail.com
2015.59.12 05:59:55 prav@gmail.com
2015.26.12 06:26:43 pranavidandu@gmail.com
2015.29.12 06:29:22 prav@gmail.com
2015.31.12 06:31:15 rolly@gmail.com
2015.48.12 06:48:31 pranavidandu@gmail.com
2015.58.12 06:58:30 prav@gmail.com
2015.08.12 07:08:12 prav@gmail.com
2015.21.12 07:21:38 prav@gmail.com
2015.34.12 07:34:36 prav@gmail.com
2015.08.12 08:08:23 prav@gmail.com
2015.29.13 05:29:39 prav@gmail.com
2015.30.13 05:30:45 bella@gmail.com
2015.33.13 05:33:02 admin@gmail.com
2015.17.13 06:17:56 admin@gmail.com
2015.33.13 07:33:24 prav@gmail.com
2015.36.13 07:36:00 prav@gmail.com
2015.42.13 07:42:43 prav@gmail.com
2015.02.13 08:02:51 prav@gmail.com
2015.15.13 08:15:50 prav@gmail.com
2015.19.13 08:19:03 prav@gmail.com
2015.51.13 09:51:36 prav@gmail.com
2015.53.13 09:53:22 admin@gmail.com
2015.55.13 09:55:08 admin@gmail.com
2015.22.13 01:22:25 admin@gmail.com
2015.49.13 01:49:53 prav@gmail.com
2015.06.13 02:06:12 prav@gmail.com
2015.24.13 02:24:07 pranavidandu@gmail.com
2015.24.13 02:24:22 pranavidandu@gmail.com
2015.32.13 02:32:49 pranavidandu@gmail.com
2015.34.13 02:34:30 prav@gmail.com
2015.35.13 02:35:11 pranavidandu@gmail.com
2015.44.13 02:44:28 pranavidandu@gmail.com
2015.50.13 02:50:32 shiny1@gmail.com
2015.57.13 02:57:34 admin@gmail.com
2015.15.14 04:15:19 prav@gmail.com
2015.26.14 05:26:18 pranavidandu@gmail.com
2015.27.14 05:27:38 aditi@gmail.com
2015.30.14 05:30:06 admin@gmail.com
2015.28.14 09:28:47 pranavidandu@gmail.com
2015.29.14 09:29:44 aditi@gmail.com
2015.31.14 09:31:23 admin@gmail.com
2015.03.14 10:03:52 prav@gmail.com
2015.00.14 11:00:57 prav@gmail.com
2015.01.14 11:01:45 prav@gmail.com
2015.05.14 11:05:30 prav@gmail.com
2015.07.14 11:07:53 pranavidandu@gmail.com
2015.08.14 11:08:18 prav@gmail.com
2015.08.14 11:08:41 prav@gmail.com
2015.09.14 11:09:44 prav@gmail.com
2015.38.14 02:38:32 prav@gmail.com
2015.51.14 04:51:24 prav@gmail.com
2015.58.14 04:58:38 prav@gmail.com
2015.13.14 05:13:56 prav@gmail.com
2015.25.14 05:25:05 riddhiashar@gmail.com
2015.26.14 05:26:15 prav@gmail.com
2015.27.14 05:27:01 prav@gmail.com
2015.27.14 05:27:26 riddhiashar@gmail.com
2015.27.14 05:27:40 prav@gmail.com
2015.28.14 05:28:45 admin@gmail.com
2015.29.14 05:29:03 prav@gmail.com
2015.33.14 05:33:03 prav@gmail.com
2015.34.14 05:34:59 prav@gmail.com
2015.38.14 05:38:26 ringer@gmail.com
2015.38.14 05:38:55 ringer@gmail.com
